[debug] [2023-07-03T17:20:32.461Z] ----------------------------------------------------------------------
[debug] [2023-07-03T17:20:32.463Z] Command:       C:\Program Files\nodejs\node.exe C:\Users\Subrata Dey\AppData\Roaming\npm\node_modules\firebase-tools\lib\bin\firebase.js init
[debug] [2023-07-03T17:20:32.464Z] CLI Version:   12.4.2
[debug] [2023-07-03T17:20:32.464Z] Platform:      win32
[debug] [2023-07-03T17:20:32.464Z] Node Version:  v18.14.2
[debug] [2023-07-03T17:20:32.465Z] Time:          Mon Jul 03 2023 23:20:32 GMT+0600 (Bangladesh Standard Time)
[debug] [2023-07-03T17:20:32.465Z] ----------------------------------------------------------------------
[debug] 
[debug] [2023-07-03T17:20:32.472Z] > command requires scopes: ["email","openid","https://www.googleapis.com/auth/cloudplatformprojects.readonly","https://www.googleapis.com/auth/firebase","https://www.googleapis.com/auth/cloud-platform"]
[debug] [2023-07-03T17:20:32.472Z] > authorizing via signed-in user (sdey.jnu@gmail.com)
[info] 
     ######## #### ########  ######## ########     ###     ######  ########
     ##        ##  ##     ## ##       ##     ##  ##   ##  ##       ##
     ######    ##  ########  ######   ########  #########  ######  ######
     ##        ##  ##    ##  ##       ##     ## ##     ##       ## ##
     ##       #### ##     ## ######## ########  ##     ##  ######  ########

You're about to initialize a Firebase project in this directory:

  E:\FSWD\Eshoppers\frontend

[info] 
=== Project Setup
[info] 
[info] First, let's associate this project directory with a Firebase project.
[info] You can create multiple project aliases by running firebase use --add, 
[info] but for now we'll just set up a default project.
[info] 
[info] i  If you want to create a project in a Google Cloud organization or folder, please use "firebase projects:create" instead, and return to this command when you've created the project. 
[debug] [2023-07-03T17:20:49.890Z] >>> [apiv2][query] POST https://cloudresourcemanager.googleapis.com/v1/projects [none]
[debug] [2023-07-03T17:20:49.891Z] >>> [apiv2][body] POST https://cloudresourcemanager.googleapis.com/v1/projects {"projectId":"iac-eazyshop","name":"iac-eazyshop"}
[debug] [2023-07-03T17:21:05.130Z] FirebaseError: Timeout reached making request to https://cloudresourcemanager.googleapis.com/v1/projects
    at RetryOperation._fn (C:\Users\Subrata Dey\AppData\Roaming\npm\node_modules\firebase-tools\lib\apiv2.js:238:35)
    at process.processTicksAndRejections (node:internal/process/task_queues:95:5)
[error] 
[error] Error: Failed to create project. See firebase-debug.log for more info.
